<?xml version="1.0" encoding="UTF-8"?>
<testsuite xmlns:xsi="http://www.w3.org/2001/XMLSchema-instance" xsi:noNamespaceSchemaLocation="https://maven.apache.org/surefire/maven-surefire-plugin/xsd/surefire-test-report-3.0.xsd" version="3.0" name="com.eimsky.parse.v01.ApplicationTests" time="2.709" tests="1" errors="0" skipped="0" failures="0">
  <properties>
[...]
</properties>
  <testcase name="contextLoads" classname="com.eimsky.parse.v01.ApplicationTests" time="0.844">
    <system-out><![CDATA[Standard Commons Logging discovery in action with spring-jcl: please remove commons-logging.jar from classpath in order to avoid potential conflicts
10:44:50.533 [main] INFO org.springframework.test.context.support.AnnotationConfigContextLoaderUtils -- Could not detect default configuration classes for test class [com.eimsky.parse.v01.ApplicationTests]: ApplicationTests does not declare any static, non-private, non-final, nested classes annotated with @Configuration.
10:44:50.691 [main] INFO org.springframework.boot.test.context.SpringBootTestContextBootstrapper -- Found @SpringBootConfiguration com.eimsky.parse.v01.Application for test class com.eimsky.parse.v01.ApplicationTests

  .   ____          _            __ _ _
 /\\ / ___'_ __ _ _(_)_ __  __ _ \ \ \ \
( ( )\___ | '_ | '_| | '_ \/ _` | \ \ \ \
 \\/  ___)| |_)| | | | | || (_| |  ) ) ) )
  '  |____| .__|_| |_|_| |_\__, | / / / /
 =========|_|==============|___/=/_/_/_/
 :: Spring Boot ::                (v3.1.5)

2023-10-31T10:44:51.103+05:30  INFO 16820 --- [           main] com.eimsky.parse.v01.ApplicationTests    : Starting ApplicationTests using Java 18.0.1.1 with PID 16820 (started by Jayashanka Deshan in C:\Users\Jayashanka Deshan\Documents\GitHub\Common_Services\CSV-Parser-Service)
2023-10-31T10:44:51.105+05:30  INFO 16820 --- [           main] com.eimsky.parse.v01.ApplicationTests    : No active profile set, falling back to 1 default profile: "default"
2023-10-31T10:44:52.174+05:30  INFO 16820 --- [           main] com.eimsky.parse.v01.ApplicationTests    : Started ApplicationTests in 1.323 seconds (process running for 2.398)
]]></system-out>
  </testcase>
</testsuite>